\BOOKMARK [1][-]{section.1}{\376\377\000W\000e\000d\000n\000e\000s\000d\000a\000y\000\040\0000\0008\000/\0002\0008\000/\0002\0000\0002\0004}{}% 1
\BOOKMARK [1][-]{section.2}{\376\377\000F\000r\000i\000d\000a\000y\000\040\0000\0008\000/\0003\0000\000/\0002\0000\0002\0004}{}% 2
\BOOKMARK [2][-]{subsection.2.1}{\376\377\000C\000o\000m\000p\000l\000e\000x\000i\000t\000y\000\040\000I\000n\000t\000r\000o\000d\000u\000c\000t\000i\000o\000n}{section.2}% 3
\BOOKMARK [2][-]{subsection.2.2}{\376\377\000P\000,\000\040\000N\000P\000,\000\040\000N\000P\000-\000h\000a\000r\000d}{section.2}% 4
\BOOKMARK [1][-]{section.3}{\376\377\000W\000e\000d\000n\000e\000s\000d\000a\000y\000\040\0000\0009\000/\0000\0004\000/\0002\0000\0002\0004}{}% 5
\BOOKMARK [2][-]{subsection.3.1}{\376\377\000P\000,\000\040\000N\000P\000,\000\040\000N\000P\000-\000c\000o\000m\000p\000l\000e\000t\000e\000,\000\040\000a\000n\000d\000\040\000N\000P\000-\000h\000a\000r\000d}{section.3}% 6
\BOOKMARK [3][-]{subsubsection.3.1.1}{\376\377\000T\000u\000r\000i\000n\000g\000\040\000m\000a\000c\000h\000i\000n\000e}{subsection.3.1}% 7
\BOOKMARK [3][-]{subsubsection.3.1.2}{\376\377\000P\000-\000p\000r\000o\000b\000l\000e\000m}{subsection.3.1}% 8
\BOOKMARK [3][-]{subsubsection.3.1.3}{\376\377\000N\000P\000-\000c\000o\000m\000p\000l\000e\000t\000e}{subsection.3.1}% 9
\BOOKMARK [1][-]{section.4}{\376\377\000F\000r\000i\000d\000a\000y\000\040\0000\0009\000/\0000\0006\000/\0002\0000\0002\0004}{}% 10
\BOOKMARK [2][-]{subsection.4.1}{\376\377\000N\000P\000-\000h\000a\000r\000d}{section.4}% 11
\BOOKMARK [3][-]{subsubsection.4.1.1}{\376\377\000D\000e\000f\000i\000n\000i\000t\000i\000o\000n\000s}{subsection.4.1}% 12
\BOOKMARK [3][-]{subsubsection.4.1.2}{\376\377\000Q\000u\000a\000d\000r\000a\000t\000i\000c\000\040\000p\000r\000o\000b\000l\000e\000m}{subsection.4.1}% 13
\BOOKMARK [1][-]{section.5}{\376\377\000M\000o\000n\000d\000a\000y\000\040\0000\0009\000/\0000\0009\000/\0002\0000\0002\0004}{}% 14
\BOOKMARK [2][-]{subsection.5.1}{\376\377\000N\000o\000n\000l\000i\000n\000e\000a\000r\000\040\000P\000r\000o\000g\000r\000a\000m\000m\000i\000n\000g\000\040\000B\000a\000s\000i\000c\000\040\000C\000o\000n\000c\000e\000p\000t\000s}{section.5}% 15
\BOOKMARK [3][-]{subsubsection.5.1.1}{\376\377\000N\000o\000n\000l\000i\000n\000e\000a\000r\000\040\000p\000r\000o\000b\000l\000e\000m\000\040\000f\000o\000r\000m\000u\000l\000a\000t\000i\000o\000n}{subsection.5.1}% 16
\BOOKMARK [3][-]{subsubsection.5.1.2}{\376\377\000G\000l\000o\000b\000a\000l\000\040\000a\000n\000d\000\040\000l\000o\000c\000a\000l\000\040\000s\000o\000l\000u\000t\000i\000o\000n\000s\000\040\000d\000e\000f\000i\000n\000i\000t\000i\000o\000n\000s}{subsection.5.1}% 17
\BOOKMARK [2][-]{subsection.5.2}{\376\377\000N\000e\000c\000e\000s\000s\000a\000r\000y\000\040\000c\000o\000n\000d\000i\000t\000i\000o\000n\000s\000\040\000o\000f\000\040\000o\000p\000t\000i\000m\000a\000l\000i\000t\000y}{section.5}% 18
\BOOKMARK [3][-]{subsubsection.5.2.1}{\376\377\000G\000r\000a\000d\000i\000e\000n\000t\000s}{subsection.5.2}% 19
\BOOKMARK [3][-]{subsubsection.5.2.2}{\376\377\000E\000x\000a\000m\000p\000l\000e\000s}{subsection.5.2}% 20
\BOOKMARK [1][-]{section.6}{\376\377\000W\000e\000d\000n\000e\000s\000d\000a\000y\000\040\0000\0009\000/\0001\0001\000/\0002\0000\0002\0004}{}% 21
\BOOKMARK [2][-]{subsection.6.1}{\376\377\000N\000o\000n\000l\000i\000n\000e\000a\000r\000\040\000p\000r\000o\000g\000r\000a\000m\000m\000i\000n\000g\000\040\000P\000a\000r\000t\000\040\000I\000I}{section.6}% 22
\BOOKMARK [3][-]{subsubsection.6.1.1}{\376\377\000P\000r\000o\000b\000l\000e\000m\000\040\000f\000o\000r\000m\000u\000l\000a\000t\000i\000o\000n}{subsection.6.1}% 23
\BOOKMARK [3][-]{subsubsection.6.1.2}{\376\377\000G\000r\000a\000d\000i\000e\000n\000t\000\040\000d\000e\000s\000c\000e\000n\000t\000\040\000i\000n\000t\000r\000o}{subsection.6.1}% 24
\BOOKMARK [1][-]{section.7}{\376\377\000F\000r\000i\000d\000a\000y\000\040\0000\0009\000/\0001\0003\000/\0002\0000\0002\0004}{}% 25
\BOOKMARK [2][-]{subsection.7.1}{\376\377\000R\000e\000v\000i\000e\000w}{section.7}% 26
\BOOKMARK [3][-]{subsubsection.7.1.1}{\376\377\000W\000h\000a\000t\000\040\000i\000s\000\040\000a\000n\000\040\000I\000n\000n\000e\000r\000\040\000P\000r\000o\000d\000u\000c\000t}{subsection.7.1}% 27
\BOOKMARK [3][-]{subsubsection.7.1.2}{\376\377\000U\000n\000d\000e\000r\000s\000t\000a\000n\000d\000i\000n\000g\000\040\000g\000\050\000x\000*\000\051\000=\0000}{subsection.7.1}% 28
\BOOKMARK [2][-]{subsection.7.2}{\376\377\000G\000r\000a\000d\000i\000e\000n\000t\000\040\000b\000o\000w\000l}{section.7}% 29
\BOOKMARK [3][-]{subsubsection.7.2.1}{\376\377\000A\000d\000d\000i\000n\000g\000\040\000a\000n\000o\000t\000h\000e\000r\000\040\000c\000o\000n\000s\000t\000r\000a\000i\000n\000t}{subsection.7.2}% 30
\BOOKMARK [3][-]{subsubsection.7.2.2}{\376\377\000F\000i\000n\000d\000i\000n\000g\000\040\000o\000p\000t\000i\000m\000a\000l\000i\000t\000y\000\040\000c\000o\000n\000d\000i\000t\000i\000o\000n\000s}{subsection.7.2}% 31
\BOOKMARK [1][-]{section.8}{\376\377\000M\000o\000n\000d\000a\000y\000\040\0000\0009\000/\0001\0006\000/\0002\0000\0002\0004}{}% 32
\BOOKMARK [2][-]{subsection.8.1}{\376\377\000R\000e\000v\000i\000e\000w}{section.8}% 33
\BOOKMARK [3][-]{subsubsection.8.1.1}{\376\377\000P\000r\000o\000b\000l\000e\000m\000\040\000f\000o\000r\000m\000u\000l\000a\000t\000i\000o\000n\000\040\000f\000o\000r\000\040\000m\000u\000l\000t\000i\000p\000l\000e\000\040\000c\000o\000n\000s\000t\000r\000a\000i\000n\000t\000s}{subsection.8.1}% 34
\BOOKMARK [3][-]{subsubsection.8.1.2}{\376\377\000O\000p\000t\000i\000m\000a\000l\000i\000t\000y}{subsection.8.1}% 35
\BOOKMARK [2][-]{subsection.8.2}{\376\377\000A\000c\000t\000i\000v\000e\000\040\000c\000o\000n\000s\000t\000r\000a\000i\000n\000t\000s}{section.8}% 36
\BOOKMARK [1][-]{section.9}{\376\377\000W\000e\000d\000n\000e\000s\000d\000a\000y\000\040\0000\0009\000/\0001\0008\000/\0002\0000\0002\0004}{}% 37
\BOOKMARK [2][-]{subsection.9.1}{\376\377\000M\000u\000l\000t\000i\000p\000l\000e\000\040\000C\000o\000n\000s\000t\000r\000a\000i\000n\000t\000s}{section.9}% 38
\BOOKMARK [3][-]{subsubsection.9.1.1}{\376\377\000I\000n\000a\000c\000t\000i\000v\000e\000\040\000c\000o\000n\000s\000t\000r\000a\000i\000n\000t\000s}{subsection.9.1}% 39
\BOOKMARK [3][-]{subsubsection.9.1.2}{\376\377\000K\000a\000r\000u\000s\000h\000-\000K\000a\000h\000n\000-\000T\000u\000c\000k\000e\000r\000\040\000C\000o\000n\000d\000i\000t\000i\000o\000n\000s}{subsection.9.1}% 40
\BOOKMARK [2][-]{subsection.9.2}{\376\377\000A\000d\000d\000i\000n\000g\000\040\000a\000n\000\040\000e\000q\000u\000a\000l\000i\000t\000y\000\040\000c\000o\000n\000s\000t\000r\000a\000i\000n\000t}{section.9}% 41
\BOOKMARK [2][-]{subsection.9.3}{\376\377\000K\000K\000T\000\040\000C\000o\000n\000d\000i\000t\000i\000o\000n\000s\000\040\000G\000e\000n\000e\000r\000a\000l\000\040\000C\000a\000s\000e}{section.9}% 42
\BOOKMARK [3][-]{subsubsection.9.3.1}{\376\377\000K\000K\000T\000\040\000S\000o\000l\000u\000t\000i\000o\000n\000s\000\040\000e\000x\000a\000m\000p\000l\000e}{subsection.9.3}% 43
\BOOKMARK [1][-]{section.10}{\376\377\000M\000o\000n\000d\000a\000y\000\040\0000\0009\000/\0002\0003\000/\0002\0000\0002\0004}{}% 44
\BOOKMARK [2][-]{subsection.10.1}{\376\377\000K\000K\000T\000\040\000C\000o\000n\000d\000i\000t\000i\000o\000n\000\040\000q\000u\000a\000l\000i\000f\000i\000c\000a\000t\000i\000o\000n}{section.10}% 45
\BOOKMARK [2][-]{subsection.10.2}{\376\377\000A\000d\000d\000i\000n\000g\000\040\000r\000e\000g\000u\000l\000a\000r\000i\000t\000y\000\040\000c\000o\000n\000d\000i\000t\000i\000o\000n}{section.10}% 46
\BOOKMARK [2][-]{subsection.10.3}{\376\377\000F\000r\000i\000t\000z\000\040\000J\000o\000h\000n\000\040\000c\000o\000n\000d\000i\000t\000i\000o\000n\000s}{section.10}% 47
\BOOKMARK [2][-]{subsection.10.4}{\376\377\000N\000L\000P\000:\000\040\000P\000a\000r\000t\000\040\000I\000I\000I}{section.10}% 48
\BOOKMARK [1][-]{section.11}{\376\377\000M\000o\000n\000d\000a\000y\000\040\0000\0009\000/\0003\0000\000/\0002\0000\0002\0004}{}% 49
\BOOKMARK [2][-]{subsection.11.1}{\376\377\000R\000e\000v\000i\000e\000w}{section.11}% 50
\BOOKMARK [3][-]{subsubsection.11.1.1}{\376\377\000C\000o\000n\000v\000e\000x\000\040\000f\000u\000n\000c\000t\000i\000o\000n\000s\000\040\000a\000n\000d\000\040\000s\000e\000t\000s}{subsection.11.1}% 51
\BOOKMARK [2][-]{subsection.11.2}{\376\377\000C\000o\000n\000v\000e\000x\000i\000t\000y}{section.11}% 52
\BOOKMARK [3][-]{subsubsection.11.2.1}{\376\377\000P\000r\000o\000p\000e\000r\000t\000i\000e\000s\000\040\000o\000f\000\040\000a\000\040\000c\000o\000n\000v\000e\000x\000\040\000f\000u\000n\000c\000t\000i\000o\000n}{subsection.11.2}% 53
\BOOKMARK [3][-]{subsubsection.11.2.2}{\376\377\000E\000x\000a\000m\000p\000l\000e\000s}{subsection.11.2}% 54
\BOOKMARK [3][-]{subsubsection.11.2.3}{\376\377\000L\000i\000n\000e\000a\000r\000\040\000r\000e\000g\000r\000e\000s\000s\000i\000o\000n}{subsection.11.2}% 55
\BOOKMARK [1][-]{section.12}{\376\377\000W\000e\000d\000n\000e\000s\000d\000a\000y\000\040\0001\0000\000/\0000\0002\000/\0002\0000\0002\0004}{}% 56
\BOOKMARK [2][-]{subsection.12.1}{\376\377\000C\000o\000n\000v\000e\000x\000\040\000F\000u\000n\000c\000t\000i\000o\000n\000s}{section.12}% 57
\BOOKMARK [3][-]{subsubsection.12.1.1}{\376\377\000V\000e\000r\000i\000f\000y\000i\000n\000g\000\040\000c\000o\000n\000v\000e\000x\000i\000t\000y}{subsection.12.1}% 58
\BOOKMARK [3][-]{subsubsection.12.1.2}{\376\377\000c\000o\000m\000p\000o\000s\000i\000t\000i\000o\000n\000\040\000r\000u\000l\000e\000\040\000f\000o\000r\000\040\000c\000o\000n\000v\000e\000x\000i\000t\000y}{subsection.12.1}% 59
\BOOKMARK [2][-]{subsection.12.2}{\376\377\000C\000o\000n\000v\000e\000x\000\040\000S\000e\000t\000s}{section.12}% 60
\BOOKMARK [1][-]{section.13}{\376\377\000F\000r\000i\000d\000a\000y\000\040\0001\0000\000/\0000\0004\000/\0002\0000\0002\0004}{}% 61
\BOOKMARK [2][-]{subsection.13.1}{\376\377\000P\000r\000e\000s\000e\000r\000v\000i\000n\000g\000\040\000C\000o\000n\000v\000e\000x\000i\000t\000y}{section.13}% 62
\BOOKMARK [3][-]{subsubsection.13.1.1}{\376\377\000N\000o\000n\000-\000n\000e\000g\000a\000t\000i\000v\000e\000\040\000w\000e\000i\000g\000h\000t\000e\000d\000\040\000s\000u\000m}{subsection.13.1}% 63
\BOOKMARK [3][-]{subsubsection.13.1.2}{\376\377\000a\000f\000f\000i\000n\000e\000\040\000c\000o\000m\000p\000o\000s\000i\000t\000i\000o\000n}{subsection.13.1}% 64
\BOOKMARK [2][-]{subsection.13.2}{\376\377\000A\000p\000p\000l\000i\000c\000a\000t\000i\000o\000n\000s}{section.13}% 65
\BOOKMARK [3][-]{subsubsection.13.2.1}{\376\377\000A\000p\000p\000l\000i\000c\000a\000t\000i\000o\000n\000\040\0001\000:\000\040\000U\000p\000s\000c\000a\000l\000i\000n\000g\000\040\000i\000m\000a\000g\000e\000s}{subsection.13.2}% 66
\BOOKMARK [3][-]{subsubsection.13.2.2}{\376\377\000R\000a\000d\000i\000o\000t\000h\000e\000r\000a\000p\000y\000\040\000t\000r\000e\000a\000t\000m\000e\000n\000t\000\040\000p\000l\000a\000n\000n\000i\000n\000g}{subsection.13.2}% 67
\BOOKMARK [1][-]{section.14}{\376\377\000M\000o\000n\000d\000a\000y\000\040\0001\0000\000/\0000\0007\000/\0002\0000\0002\0004}{}% 68
\BOOKMARK [2][-]{subsection.14.1}{\376\377\000R\000a\000d\000i\000o\000t\000h\000e\000r\000a\000p\000y\000\040\000e\000x\000a\000m\000p\000l\000e}{section.14}% 69
\BOOKMARK [2][-]{subsection.14.2}{\376\377\000B\000i\000g\000\040\000M}{section.14}% 70
\BOOKMARK [1][-]{section.15}{\376\377\000F\000r\000i\000d\000a\000y\000\040\0001\0000\000/\0001\0001\000/\0002\0000\0002\0004}{}% 71
\BOOKMARK [2][-]{subsection.15.1}{\376\377\000C\000h\000e\000m\000o\000t\000h\000e\000r\000a\000p\000y\000\040\000f\000o\000r\000m\000u\000l\000a\000t\000i\000o\000n}{section.15}% 72
\BOOKMARK [1][-]{section.16}{\376\377\000M\000o\000n\000d\000a\000y\000\040\0001\0000\000/\0001\0004\000/\0002\0000\0002\0004}{}% 73
\BOOKMARK [2][-]{subsection.16.1}{\376\377\000G\000r\000a\000d\000i\000e\000n\000t\000\040\000D\000e\000s\000c\000e\000n\000t}{section.16}% 74
\BOOKMARK [1][-]{section.17}{\376\377\000W\000e\000d\000n\000e\000s\000d\000a\000y\000\040\0001\0000\000/\0001\0006\000/\0002\0000\0002\0004}{}% 75
\BOOKMARK [2][-]{subsection.17.1}{\376\377\000G\000r\000a\000d\000i\000e\000n\000t\000\040\000d\000e\000s\000c\000e\000n\000t\000\040\000r\000e\000v\000i\000e\000w}{section.17}% 76
\BOOKMARK [2][-]{subsection.17.2}{\376\377\000B\000i\000s\000e\000c\000t\000i\000o\000n\000\040\000m\000e\000t\000h\000o\000d}{section.17}% 77
\BOOKMARK [1][-]{section.18}{\376\377\000M\000o\000n\000d\000a\000y\000\040\0001\0000\000/\0002\0008\000/\0002\0000\0002\0004}{}% 78
\BOOKMARK [2][-]{subsection.18.1}{\376\377\000N\000e\000s\000t\000e\000r\000o\000v\000'\000s\000\040\000o\000p\000t\000i\000m\000a\000l\000\040\000m\000e\000t\000h\000o\000d}{section.18}% 79
\BOOKMARK [2][-]{subsection.18.2}{\376\377\000A\000l\000t\000e\000r\000n\000a\000t\000i\000v\000e\000\040\000G\000r\000a\000d\000i\000e\000n\000t\000\040\000D\000e\000s\000c\000e\000n\000t}{section.18}% 80
\BOOKMARK [2][-]{subsection.18.3}{\376\377\000N\000e\000w\000t\000o\000n\000'\000s\000\040\000M\000e\000t\000h\000o\000d}{section.18}% 81
\BOOKMARK [2][-]{subsection.18.4}{\376\377\000Z\000e\000r\000o\000t\000h\000-\000o\000r\000d\000e\000r\000\040\000m\000e\000t\000h\000o\000d\000s}{section.18}% 82
\BOOKMARK [1][-]{section.19}{\376\377\000M\000o\000n\000d\000a\000y\000\040\0001\0001\000/\0000\0004\000/\0002\0000\0002\0004}{}% 83
\BOOKMARK [2][-]{subsection.19.1}{\376\377\000O\000p\000t\000i\000m\000i\000z\000a\000t\000i\000o\000n\000\040\000A\000l\000g\000o\000r\000i\000t\000h\000m\000s\000\040\000f\000o\000r\000\040\000U\000n\000c\000o\000n\000s\000t\000r\000a\000i\000n\000e\000d\000\040\000P\000r\000o\000b\000l\000e\000m\000s\000\040\0003}{section.19}% 84
\BOOKMARK [3][-]{subsubsection.19.1.1}{\376\377\000M\000e\000t\000a\000-\000H\000e\000u\000r\000i\000s\000t\000i\000c\000s}{subsection.19.1}% 85
\BOOKMARK [2][-]{subsection.19.2}{\376\377\000O\000p\000t\000i\000m\000i\000z\000a\000t\000i\000o\000n\000\040\000A\000l\000g\000o\000r\000i\000t\000h\000m\000s\000\040\000f\000o\000r\000\040\000C\000o\000n\000s\000t\000r\000a\000i\000n\000e\000d\000\040\000P\000r\000o\000b\000l\000e\000m\000s}{section.19}% 86
\BOOKMARK [3][-]{subsubsection.19.2.1}{\376\377\000P\000r\000o\000j\000e\000c\000t\000i\000o\000n\000-\000b\000a\000s\000e\000d\000\040\000m\000e\000t\000h\000o\000d}{subsection.19.2}% 87
\BOOKMARK [1][-]{section.20}{\376\377\000W\000e\000d\000n\000e\000s\000d\000a\000y\000\040\0001\0001\000/\0000\0006\000/\0002\0000\0002\0004}{}% 88
\BOOKMARK [2][-]{subsection.20.1}{\376\377\000P\000r\000o\000j\000e\000c\000t\000i\000o\000n\000-\000b\000a\000s\000e\000d\000\040\000M\000e\000t\000h\000o\000d\000s}{section.20}% 89
\BOOKMARK [3][-]{subsubsection.20.1.1}{\376\377\000M\000i\000r\000r\000o\000r\000\040\000D\000e\000s\000c\000e\000n\000t}{subsection.20.1}% 90
\BOOKMARK [3][-]{subsubsection.20.1.2}{\376\377\000N\000o\000n\000-\000n\000e\000g\000a\000t\000i\000v\000e\000\040\000s\000e\000t}{subsection.20.1}% 91
\BOOKMARK [3][-]{subsubsection.20.1.3}{\376\377\000U\000p\000p\000e\000r\000/\000L\000o\000w\000e\000r\000\040\000b\000o\000u\000n\000d\000s}{subsection.20.1}% 92
\BOOKMARK [3][-]{subsubsection.20.1.4}{\376\377\000E\000u\000c\000l\000i\000d\000e\000a\000n\000\040\000b\000a\000l\000l}{subsection.20.1}% 93
\BOOKMARK [1][-]{section.21}{\376\377\000F\000r\000i\000d\000a\000y\000\040\0001\0001\000/\0000\0008\000/\0002\0000\0002\0004}{}% 94
\BOOKMARK [2][-]{subsection.21.1}{\376\377\000S\000t\000o\000c\000h\000a\000s\000t\000i\000c\000\040\000P\000r\000o\000g\000r\000a\000m\000m\000i\000n\000g\000:\000\040\000S\000o\000l\000u\000t\000i\000o\000n\000s\000\040\000M\000e\000t\000h\000o\000d\000s}{section.21}% 95
\BOOKMARK [3][-]{subsubsection.21.1.1}{\376\377\000N\000e\000w\000s\000v\000e\000n\000d\000o\000r\000\040\000P\000r\000o\000b\000l\000e\000m}{subsection.21.1}% 96
\BOOKMARK [3][-]{subsubsection.21.1.2}{\376\377\000G\000e\000n\000e\000r\000a\000l\000\040\000C\000a\000s\000e}{subsection.21.1}% 97
\BOOKMARK [3][-]{subsubsection.21.1.3}{\376\377\000P\000o\000r\000t\000f\000o\000l\000i\000o\000\040\000O\000p\000t\000i\000m\000i\000z\000a\000t\000i\000o\000n}{subsection.21.1}% 98
\BOOKMARK [3][-]{subsubsection.21.1.4}{\376\377\000S\000t\000o\000c\000h\000a\000s\000t\000i\000c\000\040\000P\000r\000o\000g\000r\000a\000m\000m\000i\000n\000g\000\040\000a\000n\000d\000\040\000M\000a\000c\000h\000i\000n\000e\000\040\000L\000e\000a\000r\000n\000i\000n\000g}{subsection.21.1}% 99
\BOOKMARK [1][-]{section.22}{\376\377\000W\000e\000d\000n\000e\000s\000d\000a\000y\000\040\0001\0001\000/\0001\0003\000/\0002\0000\0002\0004}{}% 100
\BOOKMARK [2][-]{subsection.22.1}{\376\377\000S\000a\000m\000p\000l\000e\000\040\000A\000v\000e\000r\000a\000g\000e\000\040\000A\000p\000p\000r\000o\000x\000i\000m\000a\000t\000i\000o\000n}{section.22}% 101
\BOOKMARK [3][-]{subsubsection.22.1.1}{\376\377\000M\000o\000n\000t\000e\000\040\000C\000a\000r\000l\000o\000\040\000N\000e\000w\000s\000v\000e\000n\000d\000o\000r}{subsection.22.1}% 102
\BOOKMARK [3][-]{subsubsection.22.1.2}{\376\377\000M\000o\000n\000t\000e\000\040\000C\000a\000r\000l\000o\000\040\000P\000o\000r\000t\000f\000o\000l\000i\000o}{subsection.22.1}% 103
\BOOKMARK [3][-]{subsubsection.22.1.3}{\376\377\000M\000o\000n\000t\000e\000\040\000C\000a\000r\000l\000o\000\040\000L\000i\000n\000e\000a\000r\000\040\000R\000e\000g\000r\000e\000s\000s\000i\000o\000n}{subsection.22.1}% 104
\BOOKMARK [2][-]{subsection.22.2}{\376\377\000S\000t\000o\000c\000h\000a\000s\000t\000i\000c\000\040\000A\000p\000p\000r\000o\000x\000i\000m\000a\000t\000i\000o\000n}{section.22}% 105
